Application/build/intermediates/manifest_merge_blame_file/debug/manifest-merger-blame-debug-report.txt
1<?xml version="1.0" encoding="utf-8"?>
2<!--
3 Copyright 2014 The Android Open Source Project
4
5 Licensed under the Apache License, Version 2.0 (the "License");
6 you may not use this file except in compliance with the License.
7 You may obtain a copy of the License at
8
9     http://www.apache.org/licenses/LICENSE-2.0
10
11 Unless required by applicable law or agreed to in writing, software
12 distributed under the License is distributed on an "AS IS" BASIS,
13 WITHOUT WARRANTIES OR CONDITIONS OF ANY KIND, either express or implied.
14 See the License for the specific language governing permissions and
15 limitations under the License.
16-->
17<manifest xmlns:android="http://schemas.android.com/apk/res/android"
18    package="com.example.android.bluetoothchat" >
19
20    <uses-sdk
21        android:minSdkVersion="26"
21-->src/main/AndroidManifest.xml
22        android:targetSdkVersion="32" />
22-->src/main/AndroidManifest.xml
23
24    <!-- Min/target SDK versions (<uses-sdk>) managed by build.gradle -->
25
26    <uses-permission android:name="android.permission.BLUETOOTH" />
26-->src/main/AndroidManifest.xml:23:5-68
26-->src/main/AndroidManifest.xml:23:22-65
27    <uses-permission android:name="android.permission.BLUETOOTH_SCAN" />
27-->src/main/AndroidManifest.xml:24:5-73
27-->src/main/AndroidManifest.xml:24:22-70
28    <uses-permission android:name="android.permission.BLUETOOTH_ADVERTISE" />
28-->src/main/AndroidManifest.xml:25:5-78
28-->src/main/AndroidManifest.xml:25:22-75
29    <uses-permission android:name="android.permission.BLUETOOTH_CONNECT" />
29-->src/main/AndroidManifest.xml:26:5-76
29-->src/main/AndroidManifest.xml:26:22-73
30    <uses-permission android:name="android.permission.BLUETOOTH_ADMIN" />
30-->src/main/AndroidManifest.xml:27:5-74
30-->src/main/AndroidManifest.xml:27:22-71
31    <uses-permission android:name="android.permission.ACCESS_COARSE_LOCATION" />
31-->src/main/AndroidManifest.xml:28:5-81
31-->src/main/AndroidManifest.xml:28:22-78
32    <uses-permission android:name="android.permission.ACCESS_FINE_LOCATION" />
32-->src/main/AndroidManifest.xml:29:5-79
32-->src/main/AndroidManifest.xml:29:22-76
33
34    <application
34-->src/main/AndroidManifest.xml:31:5-52:19
35        android:appComponentFactory="androidx.core.app.CoreComponentFactory"
35-->[androidx.core:core:1.8.0] AndroidManifest.xml:24:18-86
36        android:debuggable="true"
37        android:extractNativeLibs="false"
38        android:label="@string/app_name" >
38-->src/main/AndroidManifest.xml:32:13-45
39        <activity
39-->src/main/AndroidManifest.xml:35:9-43:20
40            android:name="com.example.android.bluetoothchat.MainActivity"
40-->src/main/AndroidManifest.xml:36:17-45
41            android:exported="true"
41-->src/main/AndroidManifest.xml:38:17-40
42            android:label="@string/app_name" >
42-->src/main/AndroidManifest.xml:37:17-49
43            <intent-filter>
43-->src/main/AndroidManifest.xml:39:13-42:29
44                <action android:name="android.intent.action.MAIN" />
44-->src/main/AndroidManifest.xml:40:17-69
44-->src/main/AndroidManifest.xml:40:25-66
45
46                <category android:name="android.intent.category.LAUNCHER" />
46-->src/main/AndroidManifest.xml:41:17-77
46-->src/main/AndroidManifest.xml:41:27-74
47            </intent-filter>
48        </activity>
49        <activity
49-->src/main/AndroidManifest.xml:45:9-50:42
50            android:name="com.example.android.bluetoothchat.DeviceListActivity"
50-->src/main/AndroidManifest.xml:46:17-51
51            android:configChanges="orientation|keyboardHidden"
51-->src/main/AndroidManifest.xml:47:17-67
52            android:exported="true"
52-->src/main/AndroidManifest.xml:50:17-40
53            android:label="@string/select_device"
53-->src/main/AndroidManifest.xml:48:17-54
54            android:theme="@android:style/Theme.Holo.Dialog" />
54-->src/main/AndroidManifest.xml:49:17-65
55
56        <provider
56-->[androidx.emoji2:emoji2:1.2.0] AndroidManifest.xml:24:9-32:20
57            android:name="androidx.startup.InitializationProvider"
57-->[androidx.emoji2:emoji2:1.2.0] AndroidManifest.xml:25:13-67
58            android:authorities="com.example.android.bluetoothchat.androidx-startup"
58-->[androidx.emoji2:emoji2:1.2.0] AndroidManifest.xml:26:13-68
59            android:exported="false" >
59-->[androidx.emoji2:emoji2:1.2.0] AndroidManifest.xml:27:13-37
60            <meta-data
60-->[androidx.emoji2:emoji2:1.2.0] AndroidManifest.xml:29:13-31:52
61                android:name="androidx.emoji2.text.EmojiCompatInitializer"
61-->[androidx.emoji2:emoji2:1.2.0] AndroidManifest.xml:30:17-75
62                android:value="androidx.startup" />
62-->[androidx.emoji2:emoji2:1.2.0] AndroidManifest.xml:31:17-49
63            <meta-data
63-->[androidx.lifecycle:lifecycle-process:2.4.1] AndroidManifest.xml:31:13-33:52
64                android:name="androidx.lifecycle.ProcessLifecycleInitializer"
64-->[androidx.lifecycle:lifecycle-process:2.4.1] AndroidManifest.xml:32:17-78
65                android:value="androidx.startup" />
65-->[androidx.lifecycle:lifecycle-process:2.4.1] AndroidManifest.xml:33:17-49
66        </provider>
67    </application>
68
69</manifest>